<?xml version="1.0" encoding="UTF-8"?>
<testng-results ignored="0" total="1" passed="1" failed="0" skipped="0">
  <reporter-output>
  </reporter-output>
  <suite started-at="2024-12-29T10:48:20 IST" name="Suite" finished-at="2024-12-29T10:48:33 IST" duration-ms="12970">
    <groups>
    </groups>
    <test started-at="2024-12-29T10:48:20 IST" name="Test" finished-at="2024-12-29T10:48:33 IST" duration-ms="12970">
      <class name="testCaces.TC4_priceComparisonTest">
        <test-method is-config="true" signature="setup(java.lang.String)[pri:0, instance:testCaces.TC4_priceComparisonTest@614ca7df]" started-at="2024-12-29T10:48:21 IST" name="setup" finished-at="2024-12-29T10:48:33 IST" duration-ms="11953" status="PASS">
          <params>
            <param index="0">
              <value>
                <![CDATA[chrome]]>
              </value>
            </param>
          </params>
          <reporter-output>
          </reporter-output>
        </test-method> <!-- setup -->
        <test-method signature="mostChipestProduct()[pri:0, instance:testCaces.TC4_priceComparisonTest@614ca7df]" started-at="2024-12-29T10:48:33 IST" name="mostChipestProduct" finished-at="2024-12-29T10:48:33 IST" duration-ms="262" status="PASS">
          <reporter-output>
          </reporter-output>
        </test-method> <!-- mostChipestProduct -->
        <test-method is-config="true" signature="tearDown()[pri:0, instance:testCaces.TC4_priceComparisonTest@614ca7df]" started-at="2024-12-29T10:48:33 IST" name="tearDown" finished-at="2024-12-29T10:48:33 IST" duration-ms="261" status="PASS">
          <reporter-output>
          </reporter-output>
        </test-method> <!-- tearDown -->
      </class> <!-- testCaces.TC4_priceComparisonTest -->
    </test> <!-- Test -->
  </suite> <!-- Suite -->
</testng-results>
