<?xml version="1.0" encoding="UTF-8"?>
<testng-results ignored="0" total="1" passed="1" failed="0" skipped="0">
  <reporter-output>
  </reporter-output>
  <suite started-at="2024-12-27T08:12:50 IST" name="Suite" finished-at="2024-12-27T08:13:04 IST" duration-ms="14111">
    <groups>
      <group name="Sanity">
        <method signature="TC2_loginTest.Login()[pri:0, instance:testCaces.TC2_loginTest@5ba3f27a]" name="Login" class="testCaces.TC2_loginTest"/>
      </group> <!-- Sanity -->
    </groups>
    <test started-at="2024-12-27T08:12:50 IST" name="Test" finished-at="2024-12-27T08:13:04 IST" duration-ms="14111">
      <class name="testCaces.TC2_loginTest">
        <test-method is-config="true" signature="setup(java.lang.String)[pri:0, instance:testCaces.TC2_loginTest@5ba3f27a]" started-at="2024-12-27T08:12:50 IST" name="setup" finished-at="2024-12-27T08:13:02 IST" duration-ms="11785" status="PASS">
          <params>
            <param index="0">
              <value>
                <![CDATA[chrome]]>
              </value>
            </param>
          </params>
          <reporter-output>
          </reporter-output>
        </test-method> <!-- setup -->
        <test-method signature="Login()[pri:0, instance:testCaces.TC2_loginTest@5ba3f27a]" started-at="2024-12-27T08:13:02 IST" name="Login" finished-at="2024-12-27T08:13:03 IST" duration-ms="1630" status="PASS">
          <reporter-output>
          </reporter-output>
        </test-method> <!-- Login -->
        <test-method is-config="true" signature="tearDown()[pri:0, instance:testCaces.TC2_loginTest@5ba3f27a]" started-at="2024-12-27T08:13:03 IST" name="tearDown" finished-at="2024-12-27T08:13:04 IST" duration-ms="268" status="PASS">
          <reporter-output>
          </reporter-output>
        </test-method> <!-- tearDown -->
      </class> <!-- testCaces.TC2_loginTest -->
    </test> <!-- Test -->
  </suite> <!-- Suite -->
</testng-results>
